<?xml version="1.0" encoding="UTF-8"?>
<testng-results ignored="0" total="1" passed="1" failed="0" skipped="0">
  <reporter-output>
  </reporter-output>
  <suite started-at="2023-01-31T07:43:50 IST" name="Default suite" finished-at="2023-01-31T07:44:09 IST" duration-ms="19072">
    <groups>
    </groups>
    <test started-at="2023-01-31T07:43:50 IST" name="Default test" finished-at="2023-01-31T07:44:09 IST" duration-ms="19072">
      <class name="pages.Mavenpom">
        <test-method is-config="true" signature="setup()[pri:0, instance:pages.Mavenpom@1ed6388a]" started-at="2023-01-31T07:43:50 IST" name="setup" finished-at="2023-01-31T07:44:04 IST" duration-ms="13420" status="PASS">
          <reporter-output>
          </reporter-output>
        </test-method> <!-- setup -->
        <test-method is-config="true" signature="url()[pri:0, instance:pages.Mavenpom@1ed6388a]" started-at="2023-01-31T07:44:04 IST" name="url" finished-at="2023-01-31T07:44:09 IST" duration-ms="5152" status="PASS">
          <reporter-output>
          </reporter-output>
        </test-method> <!-- url -->
        <test-method signature="test()[pri:0, instance:pages.Mavenpom@1ed6388a]" started-at="2023-01-31T07:44:09 IST" name="test" finished-at="2023-01-31T07:44:09 IST" duration-ms="80" status="PASS">
          <reporter-output>
          </reporter-output>
        </test-method> <!-- test -->
      </class> <!-- pages.Mavenpom -->
    </test> <!-- Default test -->
  </suite> <!-- Default suite -->
</testng-results>
